# JRE version: OpenJDK Runtime Environment (11.0.11+9) (build 11.0.11+9-b60-7590822)
# Java VM: OpenJDK 64-Bit Server VM (11.0.11+9-b60-7590822, mixed mode, tiered, compressed oops, g1 gc, windows-amd64)
Heap:
 garbage-first heap   total 258048K, used 197538K [0x0000000080000000, 0x0000000100000000)
  region size 1024K, 85 young (87040K), 15 survivors (15360K)
 Metaspace       used 93901K, capacity 96172K, committed 96204K, reserved 1132544K
  class space    used 11911K, capacity 12740K, committed 12748K, reserved 1048576K
GC Heap History (20 events):
Event: 4.609 GC heap before
{Heap before GC invocations=6 (full 0):
 garbage-first heap   total 258048K, used 72871K [0x0000000080000000, 0x0000000100000000)
  region size 1024K, 60 young (61440K), 6 survivors (6144K)
 Metaspace       used 26239K, capacity 26806K, committed 27008K, reserved 1073152K
  class space    used 3432K, capacity 3651K, committed 3712K, reserved 1048576K
}
Event: 4.618 GC heap after
{Heap after GC invocations=7 (full 0):
 garbage-first heap   total 258048K, used 19513K [0x0000000080000000, 0x0000000100000000)
  region size 1024K, 4 young (4096K), 4 survivors (4096K)
 Metaspace       used 26239K, capacity 26806K, committed 27008K, reserved 1073152K
  class space    used 3432K, capacity 3651K, committed 3712K, reserved 1048576K
}
Event: 5.787 GC heap before
{Heap before GC invocations=7 (full 0):
 garbage-first heap   total 258048K, used 76857K [0x0000000080000000, 0x0000000100000000)
  region size 1024K, 61 young (62464K), 4 survivors (4096K)
 Metaspace       used 35054K, capacity 35790K, committed 35840K, reserved 1081344K
  class space    used 4554K, capacity 4863K, committed 4864K, reserved 1048576K
}
Event: 5.800 GC heap after
{Heap after GC invocations=8 (full 0):
 garbage-first heap   total 258048K, used 22862K [0x0000000080000000, 0x0000000100000000)
  region size 1024K, 7 young (7168K), 7 survivors (7168K)
 Metaspace       used 35054K, capacity 35790K, committed 35840K, reserved 1081344K
  class space    used 4554K, capacity 4863K, committed 4864K, reserved 1048576K
}
Event: 10.097 GC heap before
{Heap before GC invocations=9 (full 0):
 garbage-first heap   total 258048K, used 173390K [0x0000000080000000, 0x0000000100000000)
  region size 1024K, 151 young (154624K), 7 survivors (7168K)
 Metaspace       used 46920K, capacity 48140K, committed 48204K, reserved 1091584K
  class space    used 5987K, capacity 6427K, committed 6476K, reserved 1048576K
}
Event: 10.121 GC heap after
{Heap after GC invocations=10 (full 0):
 garbage-first heap   total 258048K, used 32083K [0x0000000080000000, 0x0000000100000000)
  region size 1024K, 16 young (16384K), 16 survivors (16384K)
 Metaspace       used 46920K, capacity 48140K, committed 48204K, reserved 1091584K
  class space    used 5987K, capacity 6427K, committed 6476K, reserved 1048576K
}
Event: 18.206 GC heap before
{Heap before GC invocations=10 (full 0):
 garbage-first heap   total 258048K, used 173395K [0x0000000080000000, 0x0000000100000000)
  region size 1024K, 147 young (150528K), 16 survivors (16384K)
 Metaspace       used 58805K, capacity 60185K, committed 60236K, reserved 1101824K
  class space    used 7427K, capacity 7966K, committed 8012K, reserved 1048576K
}
Event: 18.244 GC heap after
{Heap after GC invocations=11 (full 0):
 garbage-first heap   total 258048K, used 52389K [0x0000000080000000, 0x0000000100000000)
  region size 1024K, 19 young (19456K), 19 survivors (19456K)
 Metaspace       used 58805K, capacity 60185K, committed 60236K, reserved 1101824K
  class space    used 7427K, capacity 7966K, committed 8012K, reserved 1048576K
}
Event: 21.272 GC heap before
{Heap before GC invocations=12 (full 0):
 garbage-first heap   total 258048K, used 187557K [0x0000000080000000, 0x0000000100000000)
  region size 1024K, 151 young (154624K), 19 survivors (19456K)
 Metaspace       used 68300K, capacity 70010K, committed 70220K, reserved 1110016K
  class space    used 8627K, capacity 9239K, committed 9292K, reserved 1048576K
}
Event: 21.341 GC heap after
{Heap after GC invocations=13 (full 0):
 garbage-first heap   total 258048K, used 64029K [0x0000000080000000, 0x0000000100000000)
  region size 1024K, 11 young (11264K), 11 survivors (11264K)
 Metaspace       used 68300K, capacity 70010K, committed 70220K, reserved 1110016K
  class space    used 8627K, capacity 9239K, committed 9292K, reserved 1048576K
}
Event: 24.276 GC heap before
{Heap before GC invocations=14 (full 0):
 garbage-first heap   total 258048K, used 195101K [0x0000000080000000, 0x0000000100000000)
  region size 1024K, 139 young (142336K), 11 survivors (11264K)
 Metaspace       used 78131K, capacity 79868K, committed 80204K, reserved 1118208K
  class space    used 10097K, capacity 10741K, committed 10828K, reserved 1048576K
}
Event: 24.301 GC heap after
{Heap after GC invocations=15 (full 0):
 garbage-first heap   total 258048K, used 72191K [0x0000000080000000, 0x0000000100000000)
  region size 1024K, 9 young (9216K), 9 survivors (9216K)
 Metaspace       used 78131K, capacity 79868K, committed 80204K, reserved 1118208K
  class space    used 10097K, capacity 10741K, committed 10828K, reserved 1048576K
}
Event: 28.941 GC heap before
{Heap before GC invocations=15 (full 0):
 garbage-first heap   total 258048K, used 198143K [0x0000000080000000, 0x0000000100000000)
  region size 1024K, 133 young (136192K), 9 survivors (9216K)
 Metaspace       used 87945K, capacity 90048K, committed 90316K, reserved 1128448K
  class space    used 11337K, capacity 12119K, committed 12236K, reserved 1048576K
}
Event: 28.971 GC heap after
{Heap after GC invocations=16 (full 0):
 garbage-first heap   total 258048K, used 85503K [0x0000000080000000, 0x0000000100000000)
  region size 1024K, 17 young (17408K), 17 survivors (17408K)
 Metaspace       used 87945K, capacity 90048K, committed 90316K, reserved 1128448K
  class space    used 11337K, capacity 12119K, committed 12236K, reserved 1048576K
}
Event: 32.390 GC heap before
{Heap before GC invocations=16 (full 0):
 garbage-first heap   total 258048K, used 199167K [0x0000000080000000, 0x0000000100000000)
  region size 1024K, 129 young (132096K), 17 survivors (17408K)
 Metaspace       used 89276K, capacity 91415K, committed 91724K, reserved 1128448K
  class space    used 11454K, capacity 12281K, committed 12364K, reserved 1048576K
}
Event: 32.426 GC heap after
{Heap after GC invocations=17 (full 0):
 garbage-first heap   total 258048K, used 93478K [0x0000000080000000, 0x0000000100000000)
  region size 1024K, 8 young (8192K), 8 survivors (8192K)
 Metaspace       used 89276K, capacity 91415K, committed 91724K, reserved 1128448K
  class space    used 11454K, capacity 12281K, committed 12364K, reserved 1048576K
}
Event: 38.865 GC heap before
{Heap before GC invocations=17 (full 0):
 garbage-first heap   total 258048K, used 202022K [0x0000000080000000, 0x0000000100000000)
  region size 1024K, 115 young (117760K), 8 survivors (8192K)
 Metaspace       used 91127K, capacity 93400K, committed 93644K, reserved 1130496K
  class space    used 11616K, capacity 12440K, committed 12492K, reserved 1048576K
}
Event: 38.885 GC heap after
{Heap after GC invocations=18 (full 0):
 garbage-first heap   total 258048K, used 102399K [0x0000000080000000, 0x0000000100000000)
  region size 1024K, 15 young (15360K), 15 survivors (15360K)
 Metaspace       used 91127K, capacity 93400K, committed 93644K, reserved 1130496K
  class space    used 11616K, capacity 12440K, committed 12492K, reserved 1048576K
}
Event: 45.576 GC heap before
{Heap before GC invocations=18 (full 0):
 garbage-first heap   total 258048K, used 215039K [0x0000000080000000, 0x0000000100000000)
  region size 1024K, 115 young (117760K), 15 survivors (15360K)
 Metaspace       used 92899K, capacity 95182K, committed 95436K, reserved 1132544K
  class space    used 11823K, capacity 12672K, committed 12748K, reserved 1048576K
}
Event: 45.624 GC heap after
{Heap after GC invocations=19 (full 0):
 garbage-first heap   total 258048K, used 126882K [0x0000000080000000, 0x0000000100000000)
  region size 1024K, 15 young (15360K), 15 survivors (15360K)
 Metaspace       used 92899K, capacity 95182K, committed 95436K, reserved 1132544K
  class space    used 11823K, capacity 12672K, committed 12748K, reserved 1048576K
}

