# JRE version: OpenJDK Runtime Environment (11.0.11+9) (build 11.0.11+9-b60-7590822)
# Java VM: OpenJDK 64-Bit Server VM (11.0.11+9-b60-7590822, mixed mode, tiered, compressed oops, g1 gc, windows-amd64)
Heap:
 garbage-first heap   total 258048K, used 121990K [0x0000000080000000, 0x0000000100000000)
  region size 1024K, 62 young (63488K), 13 survivors (13312K)
 Metaspace       used 82953K, capacity 84838K, committed 85148K, reserved 1122304K
  class space    used 10741K, capacity 11399K, committed 11520K, reserved 1048576K
GC Heap History (20 events):
Event: 3.523 GC heap before
{Heap before GC invocations=3 (full 0):
 garbage-first heap   total 258048K, used 55614K [0x0000000080000000, 0x0000000100000000)
  region size 1024K, 46 young (47104K), 4 survivors (4096K)
 Metaspace       used 17584K, capacity 17992K, committed 18176K, reserved 1064960K
  class space    used 2073K, capacity 2219K, committed 2304K, reserved 1048576K
}
Event: 3.534 GC heap after
{Heap after GC invocations=4 (full 0):
 garbage-first heap   total 258048K, used 16249K [0x0000000080000000, 0x0000000100000000)
  region size 1024K, 6 young (6144K), 6 survivors (6144K)
 Metaspace       used 17584K, capacity 17992K, committed 18176K, reserved 1064960K
  class space    used 2073K, capacity 2219K, committed 2304K, reserved 1048576K
}
Event: 3.979 GC heap before
{Heap before GC invocations=4 (full 0):
 garbage-first heap   total 258048K, used 42873K [0x0000000080000000, 0x0000000100000000)
  region size 1024K, 33 young (33792K), 6 survivors (6144K)
 Metaspace       used 20669K, capacity 21101K, committed 21296K, reserved 1069056K
  class space    used 2532K, capacity 2659K, committed 2688K, reserved 1048576K
}
Event: 3.984 GC heap after
{Heap after GC invocations=5 (full 0):
 garbage-first heap   total 258048K, used 17744K [0x0000000080000000, 0x0000000100000000)
  region size 1024K, 6 young (6144K), 6 survivors (6144K)
 Metaspace       used 20669K, capacity 21101K, committed 21296K, reserved 1069056K
  class space    used 2532K, capacity 2659K, committed 2688K, reserved 1048576K
}
Event: 4.918 GC heap before
{Heap before GC invocations=6 (full 0):
 garbage-first heap   total 258048K, used 75088K [0x0000000080000000, 0x0000000100000000)
  region size 1024K, 62 young (63488K), 6 survivors (6144K)
 Metaspace       used 26303K, capacity 26866K, committed 27008K, reserved 1073152K
  class space    used 3445K, capacity 3651K, committed 3712K, reserved 1048576K
}
Event: 4.928 GC heap after
{Heap after GC invocations=7 (full 0):
 garbage-first heap   total 258048K, used 19957K [0x0000000080000000, 0x0000000100000000)
  region size 1024K, 4 young (4096K), 4 survivors (4096K)
 Metaspace       used 26303K, capacity 26866K, committed 27008K, reserved 1073152K
  class space    used 3445K, capacity 3651K, committed 3712K, reserved 1048576K
}
Event: 6.353 GC heap before
{Heap before GC invocations=7 (full 0):
 garbage-first heap   total 258048K, used 75253K [0x0000000080000000, 0x0000000100000000)
  region size 1024K, 59 young (60416K), 4 survivors (4096K)
 Metaspace       used 35049K, capacity 35849K, committed 36048K, reserved 1081344K
  class space    used 4554K, capacity 4863K, committed 4864K, reserved 1048576K
}
Event: 6.364 GC heap after
{Heap after GC invocations=8 (full 0):
 garbage-first heap   total 258048K, used 23102K [0x0000000080000000, 0x0000000100000000)
  region size 1024K, 7 young (7168K), 7 survivors (7168K)
 Metaspace       used 35049K, capacity 35849K, committed 36048K, reserved 1081344K
  class space    used 4554K, capacity 4863K, committed 4864K, reserved 1048576K
}
Event: 10.097 GC heap before
{Heap before GC invocations=9 (full 0):
 garbage-first heap   total 258048K, used 167486K [0x0000000080000000, 0x0000000100000000)
  region size 1024K, 145 young (148480K), 7 survivors (7168K)
 Metaspace       used 46565K, capacity 47705K, committed 47772K, reserved 1091584K
  class space    used 5957K, capacity 6371K, committed 6400K, reserved 1048576K
}
Event: 10.120 GC heap after
{Heap after GC invocations=10 (full 0):
 garbage-first heap   total 258048K, used 31279K [0x0000000080000000, 0x0000000100000000)
  region size 1024K, 15 young (15360K), 15 survivors (15360K)
 Metaspace       used 46565K, capacity 47705K, committed 47772K, reserved 1091584K
  class space    used 5957K, capacity 6371K, committed 6400K, reserved 1048576K
}
Event: 17.267 GC heap before
{Heap before GC invocations=10 (full 0):
 garbage-first heap   total 258048K, used 179759K [0x0000000080000000, 0x0000000100000000)
  region size 1024K, 151 young (154624K), 15 survivors (15360K)
 Metaspace       used 58451K, capacity 59893K, committed 60060K, reserved 1101824K
  class space    used 7376K, capacity 7892K, committed 7936K, reserved 1048576K
}
Event: 17.301 GC heap after
{Heap after GC invocations=11 (full 0):
 garbage-first heap   total 258048K, used 52913K [0x0000000080000000, 0x0000000100000000)
  region size 1024K, 19 young (19456K), 19 survivors (19456K)
 Metaspace       used 58451K, capacity 59893K, committed 60060K, reserved 1101824K
  class space    used 7376K, capacity 7892K, committed 7936K, reserved 1048576K
}
Event: 17.409 GC heap before
{Heap before GC invocations=11 (full 0):
 garbage-first heap   total 258048K, used 54961K [0x0000000080000000, 0x0000000100000000)
  region size 1024K, 22 young (22528K), 19 survivors (19456K)
 Metaspace       used 59145K, capacity 60542K, committed 60636K, reserved 1101824K
  class space    used 7461K, capacity 8001K, committed 8064K, reserved 1048576K
}
Event: 17.442 GC heap after
{Heap after GC invocations=12 (full 0):
 garbage-first heap   total 258048K, used 55859K [0x0000000080000000, 0x0000000100000000)
  region size 1024K, 2 young (2048K), 2 survivors (2048K)
 Metaspace       used 59145K, capacity 60542K, committed 60636K, reserved 1101824K
  class space    used 7461K, capacity 8001K, committed 8064K, reserved 1048576K
}
Event: 19.372 GC heap before
{Heap before GC invocations=13 (full 0):
 garbage-first heap   total 258048K, used 136755K [0x0000000080000000, 0x0000000100000000)
  region size 1024K, 81 young (82944K), 2 survivors (2048K)
 Metaspace       used 67350K, capacity 68921K, committed 69148K, reserved 1110016K
  class space    used 8496K, capacity 9054K, committed 9088K, reserved 1048576K
}
Event: 19.383 GC heap after
{Heap after GC invocations=14 (full 0):
 garbage-first heap   total 258048K, used 59955K [0x0000000080000000, 0x0000000100000000)
  region size 1024K, 6 young (6144K), 6 survivors (6144K)
 Metaspace       used 67350K, capacity 68921K, committed 69148K, reserved 1110016K
  class space    used 8496K, capacity 9054K, committed 9088K, reserved 1048576K
}
Event: 21.085 GC heap before
{Heap before GC invocations=15 (full 0):
 garbage-first heap   total 258048K, used 148019K [0x0000000080000000, 0x0000000100000000)
  region size 1024K, 92 young (94208K), 6 survivors (6144K)
 Metaspace       used 71875K, capacity 73553K, committed 73756K, reserved 1114112K
  class space    used 9144K, capacity 9760K, committed 9856K, reserved 1048576K
}
Event: 21.101 GC heap after
{Heap after GC invocations=16 (full 0):
 garbage-first heap   total 258048K, used 66099K [0x0000000080000000, 0x0000000100000000)
  region size 1024K, 12 young (12288K), 12 survivors (12288K)
 Metaspace       used 71875K, capacity 73553K, committed 73756K, reserved 1114112K
  class space    used 9144K, capacity 9760K, committed 9856K, reserved 1048576K
}
Event: 22.790 GC heap before
{Heap before GC invocations=16 (full 0):
 garbage-first heap   total 258048K, used 157235K [0x0000000080000000, 0x0000000100000000)
  region size 1024K, 101 young (103424K), 12 survivors (12288K)
 Metaspace       used 77691K, capacity 79402K, committed 79516K, reserved 1118208K
  class space    used 10028K, capacity 10673K, committed 10752K, reserved 1048576K
}
Event: 22.814 GC heap after
{Heap after GC invocations=17 (full 0):
 garbage-first heap   total 258048K, used 72838K [0x0000000080000000, 0x0000000100000000)
  region size 1024K, 13 young (13312K), 13 survivors (13312K)
 Metaspace       used 77691K, capacity 79402K, committed 79516K, reserved 1118208K
  class space    used 10028K, capacity 10673K, committed 10752K, reserved 1048576K
}

