# JRE version: OpenJDK Runtime Environment (11.0.11+9) (build 11.0.11+9-b60-7590822)
# Java VM: OpenJDK 64-Bit Server VM (11.0.11+9-b60-7590822, mixed mode, tiered, compressed oops, g1 gc, windows-amd64)
Heap:
 garbage-first heap   total 258048K, used 195702K [0x0000000080000000, 0x0000000100000000)
  region size 1024K, 32 young (32768K), 2 survivors (2048K)
 Metaspace       used 144230K, capacity 148321K, committed 151792K, reserved 1181696K
  class space    used 18114K, capacity 19573K, committed 20248K, reserved 1048576K
GC Heap History (20 events):
Event: 5969.345 GC heap before
{Heap before GC invocations=76 (full 0):
 garbage-first heap   total 258048K, used 172770K [0x0000000080000000, 0x0000000100000000)
  region size 1024K, 12 young (12288K), 4 survivors (4096K)
 Metaspace       used 145623K, capacity 149320K, committed 151280K, reserved 1179648K
  class space    used 18284K, capacity 19629K, committed 20248K, reserved 1048576K
}
Event: 5969.381 GC heap after
{Heap after GC invocations=77 (full 0):
 garbage-first heap   total 258048K, used 154333K [0x0000000080000000, 0x0000000100000000)
  region size 1024K, 1 young (1024K), 1 survivors (1024K)
 Metaspace       used 145623K, capacity 149320K, committed 151280K, reserved 1179648K
  class space    used 18284K, capacity 19629K, committed 20248K, reserved 1048576K
}
Event: 5969.708 GC heap before
{Heap before GC invocations=77 (full 0):
 garbage-first heap   total 258048K, used 203485K [0x0000000080000000, 0x0000000100000000)
  region size 1024K, 50 young (51200K), 1 survivors (1024K)
 Metaspace       used 145915K, capacity 149643K, committed 151536K, reserved 1181696K
  class space    used 18317K, capacity 19666K, committed 20248K, reserved 1048576K
}
Event: 5969.722 GC heap after
{Heap after GC invocations=78 (full 0):
 garbage-first heap   total 258048K, used 157280K [0x0000000080000000, 0x0000000100000000)
  region size 1024K, 4 young (4096K), 4 survivors (4096K)
 Metaspace       used 145915K, capacity 149643K, committed 151536K, reserved 1181696K
  class space    used 18317K, capacity 19666K, committed 20248K, reserved 1048576K
}
Event: 5970.493 GC heap before
{Heap before GC invocations=79 (full 0):
 garbage-first heap   total 258048K, used 206432K [0x0000000080000000, 0x0000000100000000)
  region size 1024K, 53 young (54272K), 4 survivors (4096K)
 Metaspace       used 141050K, capacity 144672K, committed 151792K, reserved 1181696K
  class space    used 17750K, capacity 19138K, committed 20248K, reserved 1048576K
}
Event: 5970.506 GC heap after
{Heap after GC invocations=80 (full 0):
 garbage-first heap   total 258048K, used 161251K [0x0000000080000000, 0x0000000100000000)
  region size 1024K, 7 young (7168K), 7 survivors (7168K)
 Metaspace       used 141050K, capacity 144672K, committed 151792K, reserved 1181696K
  class space    used 17750K, capacity 19138K, committed 20248K, reserved 1048576K
}
Event: 5970.537 GC heap before
{Heap before GC invocations=80 (full 0):
 garbage-first heap   total 258048K, used 166371K [0x0000000080000000, 0x0000000100000000)
  region size 1024K, 12 young (12288K), 7 survivors (7168K)
 Metaspace       used 141099K, capacity 144716K, committed 151792K, reserved 1181696K
  class space    used 17759K, capacity 19150K, committed 20248K, reserved 1048576K
}
Event: 5970.553 GC heap after
{Heap after GC invocations=81 (full 0):
 garbage-first heap   total 258048K, used 161498K [0x0000000080000000, 0x0000000100000000)
  region size 1024K, 2 young (2048K), 2 survivors (2048K)
 Metaspace       used 141099K, capacity 144716K, committed 151792K, reserved 1181696K
  class space    used 17759K, capacity 19150K, committed 20248K, reserved 1048576K
}
Event: 5989.449 GC heap before
{Heap before GC invocations=81 (full 0):
 garbage-first heap   total 258048K, used 208602K [0x0000000080000000, 0x0000000100000000)
  region size 1024K, 49 young (50176K), 2 survivors (2048K)
 Metaspace       used 142730K, capacity 146673K, committed 151792K, reserved 1181696K
  class space    used 17969K, capacity 19400K, committed 20248K, reserved 1048576K
}
Event: 5989.475 GC heap after
{Heap after GC invocations=82 (full 0):
 garbage-first heap   total 258048K, used 166606K [0x0000000080000000, 0x0000000100000000)
  region size 1024K, 7 young (7168K), 7 survivors (7168K)
 Metaspace       used 142730K, capacity 146673K, committed 151792K, reserved 1181696K
  class space    used 17969K, capacity 19400K, committed 20248K, reserved 1048576K
}
Event: 5992.237 GC heap before
{Heap before GC invocations=83 (full 0):
 garbage-first heap   total 258048K, used 212686K [0x0000000080000000, 0x0000000100000000)
  region size 1024K, 52 young (53248K), 7 survivors (7168K)
 Metaspace       used 143023K, capacity 146991K, committed 151792K, reserved 1181696K
  class space    used 17983K, capacity 19426K, committed 20248K, reserved 1048576K
}
Event: 5992.265 GC heap after
{Heap after GC invocations=84 (full 0):
 garbage-first heap   total 258048K, used 173512K [0x0000000080000000, 0x0000000100000000)
  region size 1024K, 7 young (7168K), 7 survivors (7168K)
 Metaspace       used 143023K, capacity 146991K, committed 151792K, reserved 1181696K
  class space    used 17983K, capacity 19426K, committed 20248K, reserved 1048576K
}
Event: 5992.311 GC heap before
{Heap before GC invocations=84 (full 0):
 garbage-first heap   total 258048K, used 177608K [0x0000000080000000, 0x0000000100000000)
  region size 1024K, 12 young (12288K), 7 survivors (7168K)
 Metaspace       used 143027K, capacity 146991K, committed 151792K, reserved 1181696K
  class space    used 17983K, capacity 19426K, committed 20248K, reserved 1048576K
}
Event: 5992.352 GC heap after
{Heap after GC invocations=85 (full 0):
 garbage-first heap   total 258048K, used 172265K [0x0000000080000000, 0x0000000100000000)
  region size 1024K, 1 young (1024K), 1 survivors (1024K)
 Metaspace       used 143027K, capacity 146991K, committed 151792K, reserved 1181696K
  class space    used 17983K, capacity 19426K, committed 20248K, reserved 1048576K
}
Event: 5992.942 GC heap before
{Heap before GC invocations=85 (full 0):
 garbage-first heap   total 258048K, used 213225K [0x0000000080000000, 0x0000000100000000)
  region size 1024K, 42 young (43008K), 1 survivors (1024K)
 Metaspace       used 143162K, capacity 147146K, committed 151792K, reserved 1181696K
  class space    used 17997K, capacity 19452K, committed 20248K, reserved 1048576K
}
Event: 5992.954 GC heap after
{Heap after GC invocations=86 (full 0):
 garbage-first heap   total 258048K, used 174313K [0x0000000080000000, 0x0000000100000000)
  region size 1024K, 3 young (3072K), 3 survivors (3072K)
 Metaspace       used 143162K, capacity 147146K, committed 151792K, reserved 1181696K
  class space    used 17997K, capacity 19452K, committed 20248K, reserved 1048576K
}
Event: 5999.239 GC heap before
{Heap before GC invocations=87 (full 0):
 garbage-first heap   total 258048K, used 214249K [0x0000000080000000, 0x0000000100000000)
  region size 1024K, 44 young (45056K), 3 survivors (3072K)
 Metaspace       used 143762K, capacity 147824K, committed 151792K, reserved 1181696K
  class space    used 18070K, capacity 19525K, committed 20248K, reserved 1048576K
}
Event: 5999.256 GC heap after
{Heap after GC invocations=88 (full 0):
 garbage-first heap   total 258048K, used 179194K [0x0000000080000000, 0x0000000100000000)
  region size 1024K, 6 young (6144K), 6 survivors (6144K)
 Metaspace       used 143762K, capacity 147824K, committed 151792K, reserved 1181696K
  class space    used 18070K, capacity 19525K, committed 20248K, reserved 1048576K
}
Event: 5999.280 GC heap before
{Heap before GC invocations=88 (full 0):
 garbage-first heap   total 258048K, used 185338K [0x0000000080000000, 0x0000000100000000)
  region size 1024K, 12 young (12288K), 6 survivors (6144K)
 Metaspace       used 143773K, capacity 147825K, committed 151792K, reserved 1181696K
  class space    used 18070K, capacity 19525K, committed 20248K, reserved 1048576K
}
Event: 5999.324 GC heap after
{Heap after GC invocations=89 (full 0):
 garbage-first heap   total 258048K, used 167030K [0x0000000080000000, 0x0000000100000000)
  region size 1024K, 2 young (2048K), 2 survivors (2048K)
 Metaspace       used 143773K, capacity 147825K, committed 151792K, reserved 1181696K
  class space    used 18070K, capacity 19525K, committed 20248K, reserved 1048576K
}

