# JRE version: OpenJDK Runtime Environment (11.0.11+9) (build 11.0.11+9-b60-7590822)
# Java VM: OpenJDK 64-Bit Server VM (11.0.11+9-b60-7590822, mixed mode, tiered, compressed oops, g1 gc, windows-amd64)
Heap:
 garbage-first heap   total 258048K, used 126969K [0x0000000080000000, 0x0000000100000000)
  region size 1024K, 74 young (75776K), 14 survivors (14336K)
 Metaspace       used 77168K, capacity 78928K, committed 79088K, reserved 1118208K
  class space    used 9968K, capacity 10640K, committed 10700K, reserved 1048576K
GC Heap History (20 events):
Event: 1.633 GC heap before
{Heap before GC invocations=2 (full 0):
 garbage-first heap   total 258048K, used 37973K [0x0000000080000000, 0x0000000100000000)
  region size 1024K, 30 young (30720K), 2 survivors (2048K)
 Metaspace       used 11235K, capacity 11450K, committed 11520K, reserved 1058816K
  class space    used 1176K, capacity 1246K, committed 1280K, reserved 1048576K
}
Event: 1.638 GC heap after
{Heap after GC invocations=3 (full 0):
 garbage-first heap   total 258048K, used 12650K [0x0000000080000000, 0x0000000100000000)
  region size 1024K, 4 young (4096K), 4 survivors (4096K)
 Metaspace       used 11235K, capacity 11450K, committed 11520K, reserved 1058816K
  class space    used 1176K, capacity 1246K, committed 1280K, reserved 1048576K
}
Event: 3.141 GC heap before
{Heap before GC invocations=3 (full 0):
 garbage-first heap   total 258048K, used 53610K [0x0000000080000000, 0x0000000100000000)
  region size 1024K, 45 young (46080K), 4 survivors (4096K)
 Metaspace       used 17605K, capacity 17996K, committed 18176K, reserved 1064960K
  class space    used 2077K, capacity 2219K, committed 2304K, reserved 1048576K
}
Event: 3.149 GC heap after
{Heap after GC invocations=4 (full 0):
 garbage-first heap   total 258048K, used 15771K [0x0000000080000000, 0x0000000100000000)
  region size 1024K, 6 young (6144K), 6 survivors (6144K)
 Metaspace       used 17605K, capacity 17996K, committed 18176K, reserved 1064960K
  class space    used 2077K, capacity 2219K, committed 2304K, reserved 1048576K
}
Event: 3.486 GC heap before
{Heap before GC invocations=4 (full 0):
 garbage-first heap   total 258048K, used 42395K [0x0000000080000000, 0x0000000100000000)
  region size 1024K, 33 young (33792K), 6 survivors (6144K)
 Metaspace       used 20675K, capacity 21105K, committed 21296K, reserved 1069056K
  class space    used 2534K, capacity 2659K, committed 2688K, reserved 1048576K
}
Event: 3.496 GC heap after
{Heap after GC invocations=5 (full 0):
 garbage-first heap   total 258048K, used 16795K [0x0000000080000000, 0x0000000100000000)
  region size 1024K, 7 young (7168K), 7 survivors (7168K)
 Metaspace       used 20675K, capacity 21105K, committed 21296K, reserved 1069056K
  class space    used 2534K, capacity 2659K, committed 2688K, reserved 1048576K
}
Event: 4.406 GC heap before
{Heap before GC invocations=6 (full 0):
 garbage-first heap   total 258048K, used 75163K [0x0000000080000000, 0x0000000100000000)
  region size 1024K, 64 young (65536K), 7 survivors (7168K)
 Metaspace       used 26388K, capacity 26966K, committed 27184K, reserved 1073152K
  class space    used 3457K, capacity 3683K, committed 3712K, reserved 1048576K
}
Event: 4.416 GC heap after
{Heap after GC invocations=7 (full 0):
 garbage-first heap   total 258048K, used 18904K [0x0000000080000000, 0x0000000100000000)
  region size 1024K, 4 young (4096K), 4 survivors (4096K)
 Metaspace       used 26388K, capacity 26966K, committed 27184K, reserved 1073152K
  class space    used 3457K, capacity 3683K, committed 3712K, reserved 1048576K
}
Event: 5.563 GC heap before
{Heap before GC invocations=7 (full 0):
 garbage-first heap   total 258048K, used 71128K [0x0000000080000000, 0x0000000100000000)
  region size 1024K, 56 young (57344K), 4 survivors (4096K)
 Metaspace       used 34834K, capacity 35643K, committed 35708K, reserved 1081344K
  class space    used 4527K, capacity 4857K, committed 4864K, reserved 1048576K
}
Event: 5.574 GC heap after
{Heap after GC invocations=8 (full 0):
 garbage-first heap   total 258048K, used 22250K [0x0000000080000000, 0x0000000100000000)
  region size 1024K, 7 young (7168K), 7 survivors (7168K)
 Metaspace       used 34834K, capacity 35643K, committed 35708K, reserved 1081344K
  class space    used 4527K, capacity 4857K, committed 4864K, reserved 1048576K
}
Event: 7.484 GC heap before
{Heap before GC invocations=9 (full 0):
 garbage-first heap   total 258048K, used 125674K [0x0000000080000000, 0x0000000100000000)
  region size 1024K, 105 young (107520K), 7 survivors (7168K)
 Metaspace       used 43527K, capacity 44528K, committed 44796K, reserved 1087488K
  class space    used 5553K, capacity 5930K, committed 6016K, reserved 1048576K
}
Event: 7.502 GC heap after
{Heap after GC invocations=10 (full 0):
 garbage-first heap   total 258048K, used 28353K [0x0000000080000000, 0x0000000100000000)
  region size 1024K, 13 young (13312K), 13 survivors (13312K)
 Metaspace       used 43527K, capacity 44528K, committed 44796K, reserved 1087488K
  class space    used 5553K, capacity 5930K, committed 6016K, reserved 1048576K
}
Event: 11.937 GC heap before
{Heap before GC invocations=10 (full 0):
 garbage-first heap   total 258048K, used 177857K [0x0000000080000000, 0x0000000100000000)
  region size 1024K, 150 young (153600K), 13 survivors (13312K)
 Metaspace       used 52527K, capacity 53921K, committed 54012K, reserved 1095680K
  class space    used 6683K, capacity 7207K, committed 7296K, reserved 1048576K
}
Event: 11.967 GC heap after
{Heap after GC invocations=11 (full 0):
 garbage-first heap   total 258048K, used 50276K [0x0000000080000000, 0x0000000100000000)
  region size 1024K, 19 young (19456K), 19 survivors (19456K)
 Metaspace       used 52527K, capacity 53921K, committed 54012K, reserved 1095680K
  class space    used 6683K, capacity 7207K, committed 7296K, reserved 1048576K
}
Event: 12.622 GC heap before
{Heap before GC invocations=11 (full 0):
 garbage-first heap   total 258048K, used 92260K [0x0000000080000000, 0x0000000100000000)
  region size 1024K, 61 young (62464K), 19 survivors (19456K)
 Metaspace       used 58445K, capacity 59864K, committed 59940K, reserved 1101824K
  class space    used 7389K, capacity 7905K, committed 7936K, reserved 1048576K
}
Event: 12.656 GC heap after
{Heap after GC invocations=12 (full 0):
 garbage-first heap   total 258048K, used 52648K [0x0000000080000000, 0x0000000100000000)
  region size 1024K, 2 young (2048K), 2 survivors (2048K)
 Metaspace       used 58445K, capacity 59864K, committed 59940K, reserved 1101824K
  class space    used 7389K, capacity 7905K, committed 7936K, reserved 1048576K
}
Event: 14.170 GC heap before
{Heap before GC invocations=13 (full 0):
 garbage-first heap   total 258048K, used 150952K [0x0000000080000000, 0x0000000100000000)
  region size 1024K, 98 young (100352K), 2 survivors (2048K)
 Metaspace       used 67986K, capacity 69520K, committed 69744K, reserved 1110016K
  class space    used 8578K, capacity 9164K, committed 9292K, reserved 1048576K
}
Event: 14.185 GC heap after
{Heap after GC invocations=14 (full 0):
 garbage-first heap   total 258048K, used 59539K [0x0000000080000000, 0x0000000100000000)
  region size 1024K, 9 young (9216K), 9 survivors (9216K)
 Metaspace       used 67986K, capacity 69520K, committed 69744K, reserved 1110016K
  class space    used 8578K, capacity 9164K, committed 9292K, reserved 1048576K
}
Event: 15.439 GC heap before
{Heap before GC invocations=15 (full 0):
 garbage-first heap   total 258048K, used 159891K [0x0000000080000000, 0x0000000100000000)
  region size 1024K, 107 young (109568K), 9 survivors (9216K)
 Metaspace       used 74470K, capacity 76140K, committed 76272K, reserved 1116160K
  class space    used 9576K, capacity 10172K, committed 10188K, reserved 1048576K
}
Event: 15.460 GC heap after
{Heap after GC invocations=16 (full 0):
 garbage-first heap   total 258048K, used 66553K [0x0000000080000000, 0x0000000100000000)
  region size 1024K, 14 young (14336K), 14 survivors (14336K)
 Metaspace       used 74470K, capacity 76140K, committed 76272K, reserved 1116160K
  class space    used 9576K, capacity 10172K, committed 10188K, reserved 1048576K
}

